<?xml version="1.0" encoding="UTF-8"?>
<!-- Generated by org.testng.reporters.JUnitReportReporter -->
<testsuite hostname="DESKTOP-NTA1H7H" failures="0" tests="2" name="Runnerclasses.NonFloridaRunner" time="6.910" errors="1" timestamp="2024-05-31T14:52:58 IST" skipped="1">
  <testcase classname="Runnerclasses.NonFloridaRunner" name="setUp" time="6.910">
    <error message="Could not start a new session. Response code 400. Message: Sauce could not start your job. For more information on what happened, please visit https://app.saucelabs.com/tests/1df1c6e0c02a4411950c070468a3a6f1 
Host info: host: &#039;DESKTOP-NTA1H7H&#039;, ip: &#039;192.168.1.22&#039;
Build info: version: &#039;4.13.0&#039;, revision: &#039;ba948ece5b*&#039;
System info: os.name: &#039;Windows 10&#039;, os.arch: &#039;amd64&#039;, os.version: &#039;10.0&#039;, java.version: &#039;11.0.20&#039;
Driver info: org.openqa.selenium.remote.RemoteWebDriver
Command: [null, newSession {capabilities=[Capabilities {browserName: chrome, browserVersion: latest, goog:chromeOptions: {args: [--remote-allow-origins=*], extensions: []}, platformName: Windows 10, sauce:options: {accessKey: 8f0baf43-e329-4837-9180-1df..., name: Profile UI - FloridaResidency, screenResolution: 1280x1024, tunnel-identifier: tab-shared-tunnel, username: PROF_Studio}}]}]
Capabilities {browserName: chrome, browserVersion: latest, goog:chromeOptions: {args: [--remote-allow-origins=*], extensions: []}, platformName: Windows 10, sauce:options: {accessKey: 8f0baf43-e329-4837-9180-1df..., name: Profile UI - FloridaResidency, screenResolution: 1280x1024, tunnel-identifier: tab-shared-tunnel, username: PROF_Studio}}" type="org.openqa.selenium.SessionNotCreatedException">
      <![CDATA[org.openqa.selenium.SessionNotCreatedException: Could not start a new session. Response code 400. Message: Sauce could not start your job. For more information on what happened, please visit https://app.saucelabs.com/tests/1df1c6e0c02a4411950c070468a3a6f1 
Host info: host: 'DESKTOP-NTA1H7H', ip: '192.168.1.22'
Build info: version: '4.13.0', revision: 'ba948ece5b*'
System info: os.name: 'Windows 10', os.arch: 'amd64', os.version: '10.0', java.version: '11.0.20'
Driver info: org.openqa.selenium.remote.RemoteWebDriver
Command: [null, newSession {capabilities=[Capabilities {browserName: chrome, browserVersion: latest, goog:chromeOptions: {args: [--remote-allow-origins=*], extensions: []}, platformName: Windows 10, sauce:options: {accessKey: 8f0baf43-e329-4837-9180-1df..., name: Profile UI - FloridaResidency, screenResolution: 1280x1024, tunnel-identifier: tab-shared-tunnel, username: PROF_Studio}}]}]
Capabilities {browserName: chrome, browserVersion: latest, goog:chromeOptions: {args: [--remote-allow-origins=*], extensions: []}, platformName: Windows 10, sauce:options: {accessKey: 8f0baf43-e329-4837-9180-1df..., name: Profile UI - FloridaResidency, screenResolution: 1280x1024, tunnel-identifier: tab-shared-tunnel, username: PROF_Studio}}
at org.openqa.selenium.remote.ProtocolHandshake.createSession(ProtocolHandshake.java:140)
at org.openqa.selenium.remote.ProtocolHandshake.createSession(ProtocolHandshake.java:96)
at org.openqa.selenium.remote.ProtocolHandshake.createSession(ProtocolHandshake.java:68)
at org.openqa.selenium.remote.HttpCommandExecutor.execute(HttpCommandExecutor.java:163)
at org.openqa.selenium.remote.TracedCommandExecutor.execute(TracedCommandExecutor.java:51)
at org.openqa.selenium.remote.RemoteWebDriver.execute(RemoteWebDriver.java:602)
at org.openqa.selenium.remote.RemoteWebDriver.startSession(RemoteWebDriver.java:236)
at org.openqa.selenium.remote.RemoteWebDriver.<init>(RemoteWebDriver.java:163)
at org.openqa.selenium.remote.RemoteWebDriver.<init>(RemoteWebDriver.java:143)
at Core.SauceLabsConfig.createDriver(SauceLabsConfig.java:25)
at Core.TestSuiteInitialization.setUp(TestSuiteInitialization.java:91)
at java.base/jdk.internal.reflect.NativeMethodAccessorImpl.invoke0(Native Method)
at java.base/jdk.internal.reflect.NativeMethodAccessorImpl.invoke(NativeMethodAccessorImpl.java:62)
at java.base/jdk.internal.reflect.DelegatingMethodAccessorImpl.invoke(DelegatingMethodAccessorImpl.java:43)
at java.base/java.lang.reflect.Method.invoke(Method.java:566)
at org.testng.internal.invokers.MethodInvocationHelper.invokeMethod(MethodInvocationHelper.java:139)
at org.testng.internal.invokers.MethodInvocationHelper.invokeMethodConsideringTimeout(MethodInvocationHelper.java:69)
at org.testng.internal.invokers.ConfigInvoker.invokeConfigurationMethod(ConfigInvoker.java:393)
at org.testng.internal.invokers.ConfigInvoker.invokeConfigurations(ConfigInvoker.java:326)
at org.testng.internal.invokers.TestMethodWorker.invokeBeforeClassMethods(TestMethodWorker.java:180)
at org.testng.internal.invokers.TestMethodWorker.run(TestMethodWorker.java:122)
at java.base/java.util.concurrent.Executors$RunnableAdapter.call(Executors.java:515)
at java.base/java.util.concurrent.FutureTask.run(FutureTask.java:264)
at org.testng.internal.thread.graph.TestNGFutureTask.run(TestNGFutureTask.java:22)
at java.base/java.util.concurrent.ThreadPoolExecutor.runWorker(ThreadPoolExecutor.java:1128)
at java.base/java.util.concurrent.ThreadPoolExecutor$Worker.run(ThreadPoolExecutor.java:628)
at java.base/java.lang.Thread.run(Thread.java:834)
]]>
    </error>
  </testcase> <!-- setUp -->
  <testcase classname="Runnerclasses.NonFloridaRunner" name="feature" time="0.000">
    <skipped/>
  </testcase> <!-- feature -->
</testsuite> <!-- Runnerclasses.NonFloridaRunner -->
