<?xml version="1.0" encoding="UTF-8"?>
<testng-results ignored="0" total="6" passed="0" failed="0" skipped="6">
  <reporter-output>
  </reporter-output>
  <suite started-at="2024-05-31T14:52:35 IST" name="Disney World Suite" finished-at="2024-05-31T14:52:58 IST" duration-ms="22597">
    <groups>
      <group name="cucumber">
        <method signature="TestSuiteInitialization.feature(io.cucumber.testng.PickleWrapper,io.cucumber.testng.FeatureWrapper)[pri:0, instance:Runnerclasses.FloridaDifferentTicketType@1ba9117e]" name="feature" class="Core.TestSuiteInitialization"/>
        <method signature="TestSuiteInitialization.feature(io.cucumber.testng.PickleWrapper,io.cucumber.testng.FeatureWrapper)[pri:0, instance:Runnerclasses.FloridaFields@732c2a62]" name="feature" class="Core.TestSuiteInitialization"/>
        <method signature="TestSuiteInitialization.feature(io.cucumber.testng.PickleWrapper,io.cucumber.testng.FeatureWrapper)[pri:0, instance:Runnerclasses.FloridaValidatedifferentaddress@272ed83b]" name="feature" class="Core.TestSuiteInitialization"/>
        <method signature="TestSuiteInitialization.feature(io.cucumber.testng.PickleWrapper,io.cucumber.testng.FeatureWrapper)[pri:0, instance:Runnerclasses.FloridaVerifyMeKnow@41fecb8b]" name="feature" class="Core.TestSuiteInitialization"/>
        <method signature="TestSuiteInitialization.feature(io.cucumber.testng.PickleWrapper,io.cucumber.testng.FeatureWrapper)[pri:0, instance:Runnerclasses.NonFloridaRunner@53976f5c]" name="feature" class="Core.TestSuiteInitialization"/>
        <method signature="TestSuiteInitialization.feature(io.cucumber.testng.PickleWrapper,io.cucumber.testng.FeatureWrapper)[pri:0, instance:Runnerclasses.WithoutFloridaValidation@120f102b]" name="feature" class="Core.TestSuiteInitialization"/>
      </group> <!-- cucumber -->
    </groups>
    <test started-at="2024-05-31T14:52:35 IST" name="Run All Tests in Google Chrome" finished-at="2024-05-31T14:52:58 IST" duration-ms="22597">
      <class name="Runnerclasses.WithoutFloridaValidation">
        <test-method is-config="true" signature="setUp(java.lang.String,java.lang.String,java.lang.String,java.lang.String,java.lang.String,java.lang.String,java.lang.String)[pri:0, instance:Runnerclasses.WithoutFloridaValidation@120f102b]" started-at="2024-05-31T14:52:56 IST" name="setUp" finished-at="2024-05-31T14:52:57 IST" duration-ms="516" status="FAIL">
          <params>
            <param index="0">
              <value>
                <![CDATA[edge]]>
              </value>
            </param>
            <param index="1">
              <value>
                <![CDATA[124.0.2478.67]]>
              </value>
            </param>
            <param index="2">
              <value>
                <![CDATA[false]]>
              </value>
            </param>
            <param index="3">
              <value>
                <![CDATA[saucelabs]]>
              </value>
            </param>
            <param index="4">
              <value>
                <![CDATA[PROF_Studio]]>
              </value>
            </param>
            <param index="5">
              <value>
                <![CDATA[8f0baf43-e329-4837-9180-1dfa345be4eb]]>
              </value>
            </param>
            <param index="6">
              <value>
                <![CDATA[FloridaResidency]]>
              </value>
            </param>
          </params>
          <exception class="org.openqa.selenium.SessionNotCreatedException">
            <message>
              <![CDATA[Could not start a new session. Response code 400. Message: Sauce could not start your job. For more information on what happened, please visit https://app.saucelabs.com/tests/f1a00352c81c445a9382e4afa5e0f731 
Host info: host: 'DESKTOP-NTA1H7H', ip: '192.168.1.22'
Build info: version: '4.13.0', revision: 'ba948ece5b*'
System info: os.name: 'Windows 10', os.arch: 'amd64', os.version: '10.0', java.version: '11.0.20'
Driver info: org.openqa.selenium.remote.RemoteWebDriver
Command: [null, newSession {capabilities=[Capabilities {browserName: chrome, browserVersion: latest, goog:chromeOptions: {args: [--remote-allow-origins=*], extensions: []}, platformName: Windows 10, sauce:options: {accessKey: 8f0baf43-e329-4837-9180-1df..., name: Profile UI - FloridaResidency, screenResolution: 1280x1024, tunnel-identifier: tab-shared-tunnel, username: PROF_Studio}}]}]
Capabilities {browserName: chrome, browserVersion: latest, goog:chromeOptions: {args: [--remote-allow-origins=*], extensions: []}, platformName: Windows 10, sauce:options: {accessKey: 8f0baf43-e329-4837-9180-1df..., name: Profile UI - FloridaResidency, screenResolution: 1280x1024, tunnel-identifier: tab-shared-tunnel, username: PROF_Studio}}]]>
            </message>
            <full-stacktrace>
              <![CDATA[org.openqa.selenium.SessionNotCreatedException: Could not start a new session. Response code 400. Message: Sauce could not start your job. For more information on what happened, please visit https://app.saucelabs.com/tests/f1a00352c81c445a9382e4afa5e0f731 
Host info: host: 'DESKTOP-NTA1H7H', ip: '192.168.1.22'
Build info: version: '4.13.0', revision: 'ba948ece5b*'
System info: os.name: 'Windows 10', os.arch: 'amd64', os.version: '10.0', java.version: '11.0.20'
Driver info: org.openqa.selenium.remote.RemoteWebDriver
Command: [null, newSession {capabilities=[Capabilities {browserName: chrome, browserVersion: latest, goog:chromeOptions: {args: [--remote-allow-origins=*], extensions: []}, platformName: Windows 10, sauce:options: {accessKey: 8f0baf43-e329-4837-9180-1df..., name: Profile UI - FloridaResidency, screenResolution: 1280x1024, tunnel-identifier: tab-shared-tunnel, username: PROF_Studio}}]}]
Capabilities {browserName: chrome, browserVersion: latest, goog:chromeOptions: {args: [--remote-allow-origins=*], extensions: []}, platformName: Windows 10, sauce:options: {accessKey: 8f0baf43-e329-4837-9180-1df..., name: Profile UI - FloridaResidency, screenResolution: 1280x1024, tunnel-identifier: tab-shared-tunnel, username: PROF_Studio}}
at org.openqa.selenium.remote.ProtocolHandshake.createSession(ProtocolHandshake.java:140)
at org.openqa.selenium.remote.ProtocolHandshake.createSession(ProtocolHandshake.java:96)
at org.openqa.selenium.remote.ProtocolHandshake.createSession(ProtocolHandshake.java:68)
at org.openqa.selenium.remote.HttpCommandExecutor.execute(HttpCommandExecutor.java:163)
at org.openqa.selenium.remote.TracedCommandExecutor.execute(TracedCommandExecutor.java:51)
at org.openqa.selenium.remote.RemoteWebDriver.execute(RemoteWebDriver.java:602)
at org.openqa.selenium.remote.RemoteWebDriver.startSession(RemoteWebDriver.java:236)
at org.openqa.selenium.remote.RemoteWebDriver.<init>(RemoteWebDriver.java:163)
at org.openqa.selenium.remote.RemoteWebDriver.<init>(RemoteWebDriver.java:143)
at Core.SauceLabsConfig.createDriver(SauceLabsConfig.java:25)
at Core.TestSuiteInitialization.setUp(TestSuiteInitialization.java:91)
at java.base/jdk.internal.reflect.NativeMethodAccessorImpl.invoke0(Native Method)
at java.base/jdk.internal.reflect.NativeMethodAccessorImpl.invoke(NativeMethodAccessorImpl.java:62)
at java.base/jdk.internal.reflect.DelegatingMethodAccessorImpl.invoke(DelegatingMethodAccessorImpl.java:43)
at java.base/java.lang.reflect.Method.invoke(Method.java:566)
at org.testng.internal.invokers.MethodInvocationHelper.invokeMethod(MethodInvocationHelper.java:139)
at org.testng.internal.invokers.MethodInvocationHelper.invokeMethodConsideringTimeout(MethodInvocationHelper.java:69)
at org.testng.internal.invokers.ConfigInvoker.invokeConfigurationMethod(ConfigInvoker.java:393)
at org.testng.internal.invokers.ConfigInvoker.invokeConfigurations(ConfigInvoker.java:326)
at org.testng.internal.invokers.TestMethodWorker.invokeBeforeClassMethods(TestMethodWorker.java:180)
at org.testng.internal.invokers.TestMethodWorker.run(TestMethodWorker.java:122)
at java.base/java.util.concurrent.Executors$RunnableAdapter.call(Executors.java:515)
at java.base/java.util.concurrent.FutureTask.run(FutureTask.java:264)
at org.testng.internal.thread.graph.TestNGFutureTask.run(TestNGFutureTask.java:22)
at java.base/java.util.concurrent.ThreadPoolExecutor.runWorker(ThreadPoolExecutor.java:1128)
at java.base/java.util.concurrent.ThreadPoolExecutor$Worker.run(ThreadPoolExecutor.java:628)
at java.base/java.lang.Thread.run(Thread.java:834)
]]>
            </full-stacktrace>
          </exception> <!-- org.openqa.selenium.SessionNotCreatedException -->
          <reporter-output>
          </reporter-output>
        </test-method> <!-- setUp -->
        <test-method signature="feature(io.cucumber.testng.PickleWrapper,io.cucumber.testng.FeatureWrapper)[pri:0, instance:Runnerclasses.WithoutFloridaValidation@120f102b]" started-at="2024-05-31T14:52:57 IST" name="feature" description="Runs Cucumber Feature" data-provider="features" finished-at="2024-05-31T14:52:57 IST" duration-ms="0" status="SKIP">
          <params>
            <param index="0">
              <value>
                <![CDATA["Continue without validation"]]>
              </value>
            </param>
            <param index="1">
              <value>
                <![CDATA["Continue without validation : click on without validation"]]>
              </value>
            </param>
          </params>
          <exception class="org.openqa.selenium.SessionNotCreatedException">
            <message>
              <![CDATA[Could not start a new session. Response code 400. Message: Sauce could not start your job. For more information on what happened, please visit https://app.saucelabs.com/tests/f1a00352c81c445a9382e4afa5e0f731 
Host info: host: 'DESKTOP-NTA1H7H', ip: '192.168.1.22'
Build info: version: '4.13.0', revision: 'ba948ece5b*'
System info: os.name: 'Windows 10', os.arch: 'amd64', os.version: '10.0', java.version: '11.0.20'
Driver info: org.openqa.selenium.remote.RemoteWebDriver
Command: [null, newSession {capabilities=[Capabilities {browserName: chrome, browserVersion: latest, goog:chromeOptions: {args: [--remote-allow-origins=*], extensions: []}, platformName: Windows 10, sauce:options: {accessKey: 8f0baf43-e329-4837-9180-1df..., name: Profile UI - FloridaResidency, screenResolution: 1280x1024, tunnel-identifier: tab-shared-tunnel, username: PROF_Studio}}]}]
Capabilities {browserName: chrome, browserVersion: latest, goog:chromeOptions: {args: [--remote-allow-origins=*], extensions: []}, platformName: Windows 10, sauce:options: {accessKey: 8f0baf43-e329-4837-9180-1df..., name: Profile UI - FloridaResidency, screenResolution: 1280x1024, tunnel-identifier: tab-shared-tunnel, username: PROF_Studio}}]]>
            </message>
            <full-stacktrace>
              <![CDATA[org.openqa.selenium.SessionNotCreatedException: Could not start a new session. Response code 400. Message: Sauce could not start your job. For more information on what happened, please visit https://app.saucelabs.com/tests/f1a00352c81c445a9382e4afa5e0f731 
Host info: host: 'DESKTOP-NTA1H7H', ip: '192.168.1.22'
Build info: version: '4.13.0', revision: 'ba948ece5b*'
System info: os.name: 'Windows 10', os.arch: 'amd64', os.version: '10.0', java.version: '11.0.20'
Driver info: org.openqa.selenium.remote.RemoteWebDriver
Command: [null, newSession {capabilities=[Capabilities {browserName: chrome, browserVersion: latest, goog:chromeOptions: {args: [--remote-allow-origins=*], extensions: []}, platformName: Windows 10, sauce:options: {accessKey: 8f0baf43-e329-4837-9180-1df..., name: Profile UI - FloridaResidency, screenResolution: 1280x1024, tunnel-identifier: tab-shared-tunnel, username: PROF_Studio}}]}]
Capabilities {browserName: chrome, browserVersion: latest, goog:chromeOptions: {args: [--remote-allow-origins=*], extensions: []}, platformName: Windows 10, sauce:options: {accessKey: 8f0baf43-e329-4837-9180-1df..., name: Profile UI - FloridaResidency, screenResolution: 1280x1024, tunnel-identifier: tab-shared-tunnel, username: PROF_Studio}}
at org.openqa.selenium.remote.ProtocolHandshake.createSession(ProtocolHandshake.java:140)
at org.openqa.selenium.remote.ProtocolHandshake.createSession(ProtocolHandshake.java:96)
at org.openqa.selenium.remote.ProtocolHandshake.createSession(ProtocolHandshake.java:68)
at org.openqa.selenium.remote.HttpCommandExecutor.execute(HttpCommandExecutor.java:163)
at org.openqa.selenium.remote.TracedCommandExecutor.execute(TracedCommandExecutor.java:51)
at org.openqa.selenium.remote.RemoteWebDriver.execute(RemoteWebDriver.java:602)
at org.openqa.selenium.remote.RemoteWebDriver.startSession(RemoteWebDriver.java:236)
at org.openqa.selenium.remote.RemoteWebDriver.<init>(RemoteWebDriver.java:163)
at org.openqa.selenium.remote.RemoteWebDriver.<init>(RemoteWebDriver.java:143)
at Core.SauceLabsConfig.createDriver(SauceLabsConfig.java:25)
at Core.TestSuiteInitialization.setUp(TestSuiteInitialization.java:91)
at java.base/jdk.internal.reflect.NativeMethodAccessorImpl.invoke0(Native Method)
at java.base/jdk.internal.reflect.NativeMethodAccessorImpl.invoke(NativeMethodAccessorImpl.java:62)
at java.base/jdk.internal.reflect.DelegatingMethodAccessorImpl.invoke(DelegatingMethodAccessorImpl.java:43)
at java.base/java.lang.reflect.Method.invoke(Method.java:566)
at org.testng.internal.invokers.MethodInvocationHelper.invokeMethod(MethodInvocationHelper.java:139)
at org.testng.internal.invokers.MethodInvocationHelper.invokeMethodConsideringTimeout(MethodInvocationHelper.java:69)
at org.testng.internal.invokers.ConfigInvoker.invokeConfigurationMethod(ConfigInvoker.java:393)
at org.testng.internal.invokers.ConfigInvoker.invokeConfigurations(ConfigInvoker.java:326)
at org.testng.internal.invokers.TestMethodWorker.invokeBeforeClassMethods(TestMethodWorker.java:180)
at org.testng.internal.invokers.TestMethodWorker.run(TestMethodWorker.java:122)
at java.base/java.util.concurrent.Executors$RunnableAdapter.call(Executors.java:515)
at java.base/java.util.concurrent.FutureTask.run(FutureTask.java:264)
at org.testng.internal.thread.graph.TestNGFutureTask.run(TestNGFutureTask.java:22)
at java.base/java.util.concurrent.ThreadPoolExecutor.runWorker(ThreadPoolExecutor.java:1128)
at java.base/java.util.concurrent.ThreadPoolExecutor$Worker.run(ThreadPoolExecutor.java:628)
at java.base/java.lang.Thread.run(Thread.java:834)
]]>
            </full-stacktrace>
          </exception> <!-- org.openqa.selenium.SessionNotCreatedException -->
          <reporter-output>
          </reporter-output>
        </test-method> <!-- feature -->
        <test-method is-config="true" signature="closeBrowser()[pri:0, instance:Runnerclasses.WithoutFloridaValidation@120f102b]" started-at="2024-05-31T14:52:57 IST" name="closeBrowser" finished-at="2024-05-31T14:52:57 IST" duration-ms="0" status="SKIP">
          <reporter-output>
          </reporter-output>
        </test-method> <!-- closeBrowser -->
        <test-method is-config="true" signature="tearDownClass()[pri:0, instance:Runnerclasses.WithoutFloridaValidation@120f102b]" started-at="2024-05-31T14:52:57 IST" name="tearDownClass" finished-at="2024-05-31T14:52:58 IST" duration-ms="867" status="PASS">
          <reporter-output>
          </reporter-output>
        </test-method> <!-- tearDownClass -->
      </class> <!-- Runnerclasses.WithoutFloridaValidation -->
      <class name="Runnerclasses.FloridaDifferentTicketType">
        <test-method is-config="true" signature="setUp(java.lang.String,java.lang.String,java.lang.String,java.lang.String,java.lang.String,java.lang.String,java.lang.String)[pri:0, instance:Runnerclasses.FloridaDifferentTicketType@1ba9117e]" started-at="2024-05-31T14:52:48 IST" name="setUp" finished-at="2024-05-31T14:52:49 IST" duration-ms="538" status="FAIL">
          <params>
            <param index="0">
              <value>
                <![CDATA[edge]]>
              </value>
            </param>
            <param index="1">
              <value>
                <![CDATA[124.0.2478.67]]>
              </value>
            </param>
            <param index="2">
              <value>
                <![CDATA[false]]>
              </value>
            </param>
            <param index="3">
              <value>
                <![CDATA[saucelabs]]>
              </value>
            </param>
            <param index="4">
              <value>
                <![CDATA[PROF_Studio]]>
              </value>
            </param>
            <param index="5">
              <value>
                <![CDATA[8f0baf43-e329-4837-9180-1dfa345be4eb]]>
              </value>
            </param>
            <param index="6">
              <value>
                <![CDATA[FloridaResidency]]>
              </value>
            </param>
          </params>
          <exception class="org.openqa.selenium.SessionNotCreatedException">
            <message>
              <![CDATA[Could not start a new session. Response code 400. Message: Sauce could not start your job. For more information on what happened, please visit https://app.saucelabs.com/tests/248e11e2960c411ab8271476e6794b62 
Host info: host: 'DESKTOP-NTA1H7H', ip: '192.168.1.22'
Build info: version: '4.13.0', revision: 'ba948ece5b*'
System info: os.name: 'Windows 10', os.arch: 'amd64', os.version: '10.0', java.version: '11.0.20'
Driver info: org.openqa.selenium.remote.RemoteWebDriver
Command: [null, newSession {capabilities=[Capabilities {browserName: chrome, browserVersion: latest, goog:chromeOptions: {args: [--remote-allow-origins=*], extensions: []}, platformName: Windows 10, sauce:options: {accessKey: 8f0baf43-e329-4837-9180-1df..., name: Profile UI - FloridaResidency, screenResolution: 1280x1024, tunnel-identifier: tab-shared-tunnel, username: PROF_Studio}}]}]
Capabilities {browserName: chrome, browserVersion: latest, goog:chromeOptions: {args: [--remote-allow-origins=*], extensions: []}, platformName: Windows 10, sauce:options: {accessKey: 8f0baf43-e329-4837-9180-1df..., name: Profile UI - FloridaResidency, screenResolution: 1280x1024, tunnel-identifier: tab-shared-tunnel, username: PROF_Studio}}]]>
            </message>
            <full-stacktrace>
              <![CDATA[org.openqa.selenium.SessionNotCreatedException: Could not start a new session. Response code 400. Message: Sauce could not start your job. For more information on what happened, please visit https://app.saucelabs.com/tests/248e11e2960c411ab8271476e6794b62 
Host info: host: 'DESKTOP-NTA1H7H', ip: '192.168.1.22'
Build info: version: '4.13.0', revision: 'ba948ece5b*'
System info: os.name: 'Windows 10', os.arch: 'amd64', os.version: '10.0', java.version: '11.0.20'
Driver info: org.openqa.selenium.remote.RemoteWebDriver
Command: [null, newSession {capabilities=[Capabilities {browserName: chrome, browserVersion: latest, goog:chromeOptions: {args: [--remote-allow-origins=*], extensions: []}, platformName: Windows 10, sauce:options: {accessKey: 8f0baf43-e329-4837-9180-1df..., name: Profile UI - FloridaResidency, screenResolution: 1280x1024, tunnel-identifier: tab-shared-tunnel, username: PROF_Studio}}]}]
Capabilities {browserName: chrome, browserVersion: latest, goog:chromeOptions: {args: [--remote-allow-origins=*], extensions: []}, platformName: Windows 10, sauce:options: {accessKey: 8f0baf43-e329-4837-9180-1df..., name: Profile UI - FloridaResidency, screenResolution: 1280x1024, tunnel-identifier: tab-shared-tunnel, username: PROF_Studio}}
at org.openqa.selenium.remote.ProtocolHandshake.createSession(ProtocolHandshake.java:140)
at org.openqa.selenium.remote.ProtocolHandshake.createSession(ProtocolHandshake.java:96)
at org.openqa.selenium.remote.ProtocolHandshake.createSession(ProtocolHandshake.java:68)
at org.openqa.selenium.remote.HttpCommandExecutor.execute(HttpCommandExecutor.java:163)
at org.openqa.selenium.remote.TracedCommandExecutor.execute(TracedCommandExecutor.java:51)
at org.openqa.selenium.remote.RemoteWebDriver.execute(RemoteWebDriver.java:602)
at org.openqa.selenium.remote.RemoteWebDriver.startSession(RemoteWebDriver.java:236)
at org.openqa.selenium.remote.RemoteWebDriver.<init>(RemoteWebDriver.java:163)
at org.openqa.selenium.remote.RemoteWebDriver.<init>(RemoteWebDriver.java:143)
at Core.SauceLabsConfig.createDriver(SauceLabsConfig.java:25)
at Core.TestSuiteInitialization.setUp(TestSuiteInitialization.java:91)
at java.base/jdk.internal.reflect.NativeMethodAccessorImpl.invoke0(Native Method)
at java.base/jdk.internal.reflect.NativeMethodAccessorImpl.invoke(NativeMethodAccessorImpl.java:62)
at java.base/jdk.internal.reflect.DelegatingMethodAccessorImpl.invoke(DelegatingMethodAccessorImpl.java:43)
at java.base/java.lang.reflect.Method.invoke(Method.java:566)
at org.testng.internal.invokers.MethodInvocationHelper.invokeMethod(MethodInvocationHelper.java:139)
at org.testng.internal.invokers.MethodInvocationHelper.invokeMethodConsideringTimeout(MethodInvocationHelper.java:69)
at org.testng.internal.invokers.ConfigInvoker.invokeConfigurationMethod(ConfigInvoker.java:393)
at org.testng.internal.invokers.ConfigInvoker.invokeConfigurations(ConfigInvoker.java:326)
at org.testng.internal.invokers.TestMethodWorker.invokeBeforeClassMethods(TestMethodWorker.java:180)
at org.testng.internal.invokers.TestMethodWorker.run(TestMethodWorker.java:122)
at java.base/java.util.concurrent.Executors$RunnableAdapter.call(Executors.java:515)
at java.base/java.util.concurrent.FutureTask.run(FutureTask.java:264)
at org.testng.internal.thread.graph.TestNGFutureTask.run(TestNGFutureTask.java:22)
at java.base/java.util.concurrent.ThreadPoolExecutor.runWorker(ThreadPoolExecutor.java:1128)
at java.base/java.util.concurrent.ThreadPoolExecutor$Worker.run(ThreadPoolExecutor.java:628)
at java.base/java.lang.Thread.run(Thread.java:834)
]]>
            </full-stacktrace>
          </exception> <!-- org.openqa.selenium.SessionNotCreatedException -->
          <reporter-output>
          </reporter-output>
        </test-method> <!-- setUp -->
        <test-method signature="feature(io.cucumber.testng.PickleWrapper,io.cucumber.testng.FeatureWrapper)[pri:0, instance:Runnerclasses.FloridaDifferentTicketType@1ba9117e]" started-at="2024-05-31T14:52:49 IST" name="feature" description="Runs Cucumber Feature" data-provider="features" finished-at="2024-05-31T14:52:49 IST" duration-ms="0" status="SKIP">
          <params>
            <param index="0">
              <value>
                <![CDATA["Validate Florida account wit different ticket type"]]>
              </value>
            </param>
            <param index="1">
              <value>
                <![CDATA["Validate Florida account wit different ticket type,increase number of days and increase number of members : Validate Florida account wit different ticket type"]]>
              </value>
            </param>
          </params>
          <exception class="org.openqa.selenium.SessionNotCreatedException">
            <message>
              <![CDATA[Could not start a new session. Response code 400. Message: Sauce could not start your job. For more information on what happened, please visit https://app.saucelabs.com/tests/248e11e2960c411ab8271476e6794b62 
Host info: host: 'DESKTOP-NTA1H7H', ip: '192.168.1.22'
Build info: version: '4.13.0', revision: 'ba948ece5b*'
System info: os.name: 'Windows 10', os.arch: 'amd64', os.version: '10.0', java.version: '11.0.20'
Driver info: org.openqa.selenium.remote.RemoteWebDriver
Command: [null, newSession {capabilities=[Capabilities {browserName: chrome, browserVersion: latest, goog:chromeOptions: {args: [--remote-allow-origins=*], extensions: []}, platformName: Windows 10, sauce:options: {accessKey: 8f0baf43-e329-4837-9180-1df..., name: Profile UI - FloridaResidency, screenResolution: 1280x1024, tunnel-identifier: tab-shared-tunnel, username: PROF_Studio}}]}]
Capabilities {browserName: chrome, browserVersion: latest, goog:chromeOptions: {args: [--remote-allow-origins=*], extensions: []}, platformName: Windows 10, sauce:options: {accessKey: 8f0baf43-e329-4837-9180-1df..., name: Profile UI - FloridaResidency, screenResolution: 1280x1024, tunnel-identifier: tab-shared-tunnel, username: PROF_Studio}}]]>
            </message>
            <full-stacktrace>
              <![CDATA[org.openqa.selenium.SessionNotCreatedException: Could not start a new session. Response code 400. Message: Sauce could not start your job. For more information on what happened, please visit https://app.saucelabs.com/tests/248e11e2960c411ab8271476e6794b62 
Host info: host: 'DESKTOP-NTA1H7H', ip: '192.168.1.22'
Build info: version: '4.13.0', revision: 'ba948ece5b*'
System info: os.name: 'Windows 10', os.arch: 'amd64', os.version: '10.0', java.version: '11.0.20'
Driver info: org.openqa.selenium.remote.RemoteWebDriver
Command: [null, newSession {capabilities=[Capabilities {browserName: chrome, browserVersion: latest, goog:chromeOptions: {args: [--remote-allow-origins=*], extensions: []}, platformName: Windows 10, sauce:options: {accessKey: 8f0baf43-e329-4837-9180-1df..., name: Profile UI - FloridaResidency, screenResolution: 1280x1024, tunnel-identifier: tab-shared-tunnel, username: PROF_Studio}}]}]
Capabilities {browserName: chrome, browserVersion: latest, goog:chromeOptions: {args: [--remote-allow-origins=*], extensions: []}, platformName: Windows 10, sauce:options: {accessKey: 8f0baf43-e329-4837-9180-1df..., name: Profile UI - FloridaResidency, screenResolution: 1280x1024, tunnel-identifier: tab-shared-tunnel, username: PROF_Studio}}
at org.openqa.selenium.remote.ProtocolHandshake.createSession(ProtocolHandshake.java:140)
at org.openqa.selenium.remote.ProtocolHandshake.createSession(ProtocolHandshake.java:96)
at org.openqa.selenium.remote.ProtocolHandshake.createSession(ProtocolHandshake.java:68)
at org.openqa.selenium.remote.HttpCommandExecutor.execute(HttpCommandExecutor.java:163)
at org.openqa.selenium.remote.TracedCommandExecutor.execute(TracedCommandExecutor.java:51)
at org.openqa.selenium.remote.RemoteWebDriver.execute(RemoteWebDriver.java:602)
at org.openqa.selenium.remote.RemoteWebDriver.startSession(RemoteWebDriver.java:236)
at org.openqa.selenium.remote.RemoteWebDriver.<init>(RemoteWebDriver.java:163)
at org.openqa.selenium.remote.RemoteWebDriver.<init>(RemoteWebDriver.java:143)
at Core.SauceLabsConfig.createDriver(SauceLabsConfig.java:25)
at Core.TestSuiteInitialization.setUp(TestSuiteInitialization.java:91)
at java.base/jdk.internal.reflect.NativeMethodAccessorImpl.invoke0(Native Method)
at java.base/jdk.internal.reflect.NativeMethodAccessorImpl.invoke(NativeMethodAccessorImpl.java:62)
at java.base/jdk.internal.reflect.DelegatingMethodAccessorImpl.invoke(DelegatingMethodAccessorImpl.java:43)
at java.base/java.lang.reflect.Method.invoke(Method.java:566)
at org.testng.internal.invokers.MethodInvocationHelper.invokeMethod(MethodInvocationHelper.java:139)
at org.testng.internal.invokers.MethodInvocationHelper.invokeMethodConsideringTimeout(MethodInvocationHelper.java:69)
at org.testng.internal.invokers.ConfigInvoker.invokeConfigurationMethod(ConfigInvoker.java:393)
at org.testng.internal.invokers.ConfigInvoker.invokeConfigurations(ConfigInvoker.java:326)
at org.testng.internal.invokers.TestMethodWorker.invokeBeforeClassMethods(TestMethodWorker.java:180)
at org.testng.internal.invokers.TestMethodWorker.run(TestMethodWorker.java:122)
at java.base/java.util.concurrent.Executors$RunnableAdapter.call(Executors.java:515)
at java.base/java.util.concurrent.FutureTask.run(FutureTask.java:264)
at org.testng.internal.thread.graph.TestNGFutureTask.run(TestNGFutureTask.java:22)
at java.base/java.util.concurrent.ThreadPoolExecutor.runWorker(ThreadPoolExecutor.java:1128)
at java.base/java.util.concurrent.ThreadPoolExecutor$Worker.run(ThreadPoolExecutor.java:628)
at java.base/java.lang.Thread.run(Thread.java:834)
]]>
            </full-stacktrace>
          </exception> <!-- org.openqa.selenium.SessionNotCreatedException -->
          <reporter-output>
          </reporter-output>
        </test-method> <!-- feature -->
        <test-method is-config="true" signature="closeBrowser()[pri:0, instance:Runnerclasses.FloridaDifferentTicketType@1ba9117e]" started-at="2024-05-31T14:52:49 IST" name="closeBrowser" finished-at="2024-05-31T14:52:49 IST" duration-ms="0" status="SKIP">
          <reporter-output>
          </reporter-output>
        </test-method> <!-- closeBrowser -->
        <test-method is-config="true" signature="tearDownClass()[pri:0, instance:Runnerclasses.FloridaDifferentTicketType@1ba9117e]" started-at="2024-05-31T14:52:49 IST" name="tearDownClass" finished-at="2024-05-31T14:52:50 IST" duration-ms="942" status="PASS">
          <reporter-output>
          </reporter-output>
        </test-method> <!-- tearDownClass -->
      </class> <!-- Runnerclasses.FloridaDifferentTicketType -->
      <class name="Runnerclasses.FloridaValidatedifferentaddress">
        <test-method is-config="true" signature="setUp(java.lang.String,java.lang.String,java.lang.String,java.lang.String,java.lang.String,java.lang.String,java.lang.String)[pri:0, instance:Runnerclasses.FloridaValidatedifferentaddress@272ed83b]" started-at="2024-05-31T14:52:52 IST" name="setUp" finished-at="2024-05-31T14:52:53 IST" duration-ms="526" status="FAIL">
          <params>
            <param index="0">
              <value>
                <![CDATA[edge]]>
              </value>
            </param>
            <param index="1">
              <value>
                <![CDATA[124.0.2478.67]]>
              </value>
            </param>
            <param index="2">
              <value>
                <![CDATA[false]]>
              </value>
            </param>
            <param index="3">
              <value>
                <![CDATA[saucelabs]]>
              </value>
            </param>
            <param index="4">
              <value>
                <![CDATA[PROF_Studio]]>
              </value>
            </param>
            <param index="5">
              <value>
                <![CDATA[8f0baf43-e329-4837-9180-1dfa345be4eb]]>
              </value>
            </param>
            <param index="6">
              <value>
                <![CDATA[FloridaResidency]]>
              </value>
            </param>
          </params>
          <exception class="org.openqa.selenium.SessionNotCreatedException">
            <message>
              <![CDATA[Could not start a new session. Response code 400. Message: Sauce could not start your job. For more information on what happened, please visit https://app.saucelabs.com/tests/c904b9c6cbed4fa9b470c38cb0bec99c 
Host info: host: 'DESKTOP-NTA1H7H', ip: '192.168.1.22'
Build info: version: '4.13.0', revision: 'ba948ece5b*'
System info: os.name: 'Windows 10', os.arch: 'amd64', os.version: '10.0', java.version: '11.0.20'
Driver info: org.openqa.selenium.remote.RemoteWebDriver
Command: [null, newSession {capabilities=[Capabilities {browserName: chrome, browserVersion: latest, goog:chromeOptions: {args: [--remote-allow-origins=*], extensions: []}, platformName: Windows 10, sauce:options: {accessKey: 8f0baf43-e329-4837-9180-1df..., name: Profile UI - FloridaResidency, screenResolution: 1280x1024, tunnel-identifier: tab-shared-tunnel, username: PROF_Studio}}]}]
Capabilities {browserName: chrome, browserVersion: latest, goog:chromeOptions: {args: [--remote-allow-origins=*], extensions: []}, platformName: Windows 10, sauce:options: {accessKey: 8f0baf43-e329-4837-9180-1df..., name: Profile UI - FloridaResidency, screenResolution: 1280x1024, tunnel-identifier: tab-shared-tunnel, username: PROF_Studio}}]]>
            </message>
            <full-stacktrace>
              <![CDATA[org.openqa.selenium.SessionNotCreatedException: Could not start a new session. Response code 400. Message: Sauce could not start your job. For more information on what happened, please visit https://app.saucelabs.com/tests/c904b9c6cbed4fa9b470c38cb0bec99c 
Host info: host: 'DESKTOP-NTA1H7H', ip: '192.168.1.22'
Build info: version: '4.13.0', revision: 'ba948ece5b*'
System info: os.name: 'Windows 10', os.arch: 'amd64', os.version: '10.0', java.version: '11.0.20'
Driver info: org.openqa.selenium.remote.RemoteWebDriver
Command: [null, newSession {capabilities=[Capabilities {browserName: chrome, browserVersion: latest, goog:chromeOptions: {args: [--remote-allow-origins=*], extensions: []}, platformName: Windows 10, sauce:options: {accessKey: 8f0baf43-e329-4837-9180-1df..., name: Profile UI - FloridaResidency, screenResolution: 1280x1024, tunnel-identifier: tab-shared-tunnel, username: PROF_Studio}}]}]
Capabilities {browserName: chrome, browserVersion: latest, goog:chromeOptions: {args: [--remote-allow-origins=*], extensions: []}, platformName: Windows 10, sauce:options: {accessKey: 8f0baf43-e329-4837-9180-1df..., name: Profile UI - FloridaResidency, screenResolution: 1280x1024, tunnel-identifier: tab-shared-tunnel, username: PROF_Studio}}
at org.openqa.selenium.remote.ProtocolHandshake.createSession(ProtocolHandshake.java:140)
at org.openqa.selenium.remote.ProtocolHandshake.createSession(ProtocolHandshake.java:96)
at org.openqa.selenium.remote.ProtocolHandshake.createSession(ProtocolHandshake.java:68)
at org.openqa.selenium.remote.HttpCommandExecutor.execute(HttpCommandExecutor.java:163)
at org.openqa.selenium.remote.TracedCommandExecutor.execute(TracedCommandExecutor.java:51)
at org.openqa.selenium.remote.RemoteWebDriver.execute(RemoteWebDriver.java:602)
at org.openqa.selenium.remote.RemoteWebDriver.startSession(RemoteWebDriver.java:236)
at org.openqa.selenium.remote.RemoteWebDriver.<init>(RemoteWebDriver.java:163)
at org.openqa.selenium.remote.RemoteWebDriver.<init>(RemoteWebDriver.java:143)
at Core.SauceLabsConfig.createDriver(SauceLabsConfig.java:25)
at Core.TestSuiteInitialization.setUp(TestSuiteInitialization.java:91)
at java.base/jdk.internal.reflect.NativeMethodAccessorImpl.invoke0(Native Method)
at java.base/jdk.internal.reflect.NativeMethodAccessorImpl.invoke(NativeMethodAccessorImpl.java:62)
at java.base/jdk.internal.reflect.DelegatingMethodAccessorImpl.invoke(DelegatingMethodAccessorImpl.java:43)
at java.base/java.lang.reflect.Method.invoke(Method.java:566)
at org.testng.internal.invokers.MethodInvocationHelper.invokeMethod(MethodInvocationHelper.java:139)
at org.testng.internal.invokers.MethodInvocationHelper.invokeMethodConsideringTimeout(MethodInvocationHelper.java:69)
at org.testng.internal.invokers.ConfigInvoker.invokeConfigurationMethod(ConfigInvoker.java:393)
at org.testng.internal.invokers.ConfigInvoker.invokeConfigurations(ConfigInvoker.java:326)
at org.testng.internal.invokers.TestMethodWorker.invokeBeforeClassMethods(TestMethodWorker.java:180)
at org.testng.internal.invokers.TestMethodWorker.run(TestMethodWorker.java:122)
at java.base/java.util.concurrent.Executors$RunnableAdapter.call(Executors.java:515)
at java.base/java.util.concurrent.FutureTask.run(FutureTask.java:264)
at org.testng.internal.thread.graph.TestNGFutureTask.run(TestNGFutureTask.java:22)
at java.base/java.util.concurrent.ThreadPoolExecutor.runWorker(ThreadPoolExecutor.java:1128)
at java.base/java.util.concurrent.ThreadPoolExecutor$Worker.run(ThreadPoolExecutor.java:628)
at java.base/java.lang.Thread.run(Thread.java:834)
]]>
            </full-stacktrace>
          </exception> <!-- org.openqa.selenium.SessionNotCreatedException -->
          <reporter-output>
          </reporter-output>
        </test-method> <!-- setUp -->
        <test-method signature="feature(io.cucumber.testng.PickleWrapper,io.cucumber.testng.FeatureWrapper)[pri:0, instance:Runnerclasses.FloridaValidatedifferentaddress@272ed83b]" started-at="2024-05-31T14:52:53 IST" name="feature" description="Runs Cucumber Feature" data-provider="features" finished-at="2024-05-31T14:52:53 IST" duration-ms="0" status="SKIP">
          <params>
            <param index="0">
              <value>
                <![CDATA["Florida resident validation with non Florida account"]]>
              </value>
            </param>
            <param index="1">
              <value>
                <![CDATA["Validate Florida account with different address : Florida resident validation with different address"]]>
              </value>
            </param>
          </params>
          <exception class="org.openqa.selenium.SessionNotCreatedException">
            <message>
              <![CDATA[Could not start a new session. Response code 400. Message: Sauce could not start your job. For more information on what happened, please visit https://app.saucelabs.com/tests/c904b9c6cbed4fa9b470c38cb0bec99c 
Host info: host: 'DESKTOP-NTA1H7H', ip: '192.168.1.22'
Build info: version: '4.13.0', revision: 'ba948ece5b*'
System info: os.name: 'Windows 10', os.arch: 'amd64', os.version: '10.0', java.version: '11.0.20'
Driver info: org.openqa.selenium.remote.RemoteWebDriver
Command: [null, newSession {capabilities=[Capabilities {browserName: chrome, browserVersion: latest, goog:chromeOptions: {args: [--remote-allow-origins=*], extensions: []}, platformName: Windows 10, sauce:options: {accessKey: 8f0baf43-e329-4837-9180-1df..., name: Profile UI - FloridaResidency, screenResolution: 1280x1024, tunnel-identifier: tab-shared-tunnel, username: PROF_Studio}}]}]
Capabilities {browserName: chrome, browserVersion: latest, goog:chromeOptions: {args: [--remote-allow-origins=*], extensions: []}, platformName: Windows 10, sauce:options: {accessKey: 8f0baf43-e329-4837-9180-1df..., name: Profile UI - FloridaResidency, screenResolution: 1280x1024, tunnel-identifier: tab-shared-tunnel, username: PROF_Studio}}]]>
            </message>
            <full-stacktrace>
              <![CDATA[org.openqa.selenium.SessionNotCreatedException: Could not start a new session. Response code 400. Message: Sauce could not start your job. For more information on what happened, please visit https://app.saucelabs.com/tests/c904b9c6cbed4fa9b470c38cb0bec99c 
Host info: host: 'DESKTOP-NTA1H7H', ip: '192.168.1.22'
Build info: version: '4.13.0', revision: 'ba948ece5b*'
System info: os.name: 'Windows 10', os.arch: 'amd64', os.version: '10.0', java.version: '11.0.20'
Driver info: org.openqa.selenium.remote.RemoteWebDriver
Command: [null, newSession {capabilities=[Capabilities {browserName: chrome, browserVersion: latest, goog:chromeOptions: {args: [--remote-allow-origins=*], extensions: []}, platformName: Windows 10, sauce:options: {accessKey: 8f0baf43-e329-4837-9180-1df..., name: Profile UI - FloridaResidency, screenResolution: 1280x1024, tunnel-identifier: tab-shared-tunnel, username: PROF_Studio}}]}]
Capabilities {browserName: chrome, browserVersion: latest, goog:chromeOptions: {args: [--remote-allow-origins=*], extensions: []}, platformName: Windows 10, sauce:options: {accessKey: 8f0baf43-e329-4837-9180-1df..., name: Profile UI - FloridaResidency, screenResolution: 1280x1024, tunnel-identifier: tab-shared-tunnel, username: PROF_Studio}}
at org.openqa.selenium.remote.ProtocolHandshake.createSession(ProtocolHandshake.java:140)
at org.openqa.selenium.remote.ProtocolHandshake.createSession(ProtocolHandshake.java:96)
at org.openqa.selenium.remote.ProtocolHandshake.createSession(ProtocolHandshake.java:68)
at org.openqa.selenium.remote.HttpCommandExecutor.execute(HttpCommandExecutor.java:163)
at org.openqa.selenium.remote.TracedCommandExecutor.execute(TracedCommandExecutor.java:51)
at org.openqa.selenium.remote.RemoteWebDriver.execute(RemoteWebDriver.java:602)
at org.openqa.selenium.remote.RemoteWebDriver.startSession(RemoteWebDriver.java:236)
at org.openqa.selenium.remote.RemoteWebDriver.<init>(RemoteWebDriver.java:163)
at org.openqa.selenium.remote.RemoteWebDriver.<init>(RemoteWebDriver.java:143)
at Core.SauceLabsConfig.createDriver(SauceLabsConfig.java:25)
at Core.TestSuiteInitialization.setUp(TestSuiteInitialization.java:91)
at java.base/jdk.internal.reflect.NativeMethodAccessorImpl.invoke0(Native Method)
at java.base/jdk.internal.reflect.NativeMethodAccessorImpl.invoke(NativeMethodAccessorImpl.java:62)
at java.base/jdk.internal.reflect.DelegatingMethodAccessorImpl.invoke(DelegatingMethodAccessorImpl.java:43)
at java.base/java.lang.reflect.Method.invoke(Method.java:566)
at org.testng.internal.invokers.MethodInvocationHelper.invokeMethod(MethodInvocationHelper.java:139)
at org.testng.internal.invokers.MethodInvocationHelper.invokeMethodConsideringTimeout(MethodInvocationHelper.java:69)
at org.testng.internal.invokers.ConfigInvoker.invokeConfigurationMethod(ConfigInvoker.java:393)
at org.testng.internal.invokers.ConfigInvoker.invokeConfigurations(ConfigInvoker.java:326)
at org.testng.internal.invokers.TestMethodWorker.invokeBeforeClassMethods(TestMethodWorker.java:180)
at org.testng.internal.invokers.TestMethodWorker.run(TestMethodWorker.java:122)
at java.base/java.util.concurrent.Executors$RunnableAdapter.call(Executors.java:515)
at java.base/java.util.concurrent.FutureTask.run(FutureTask.java:264)
at org.testng.internal.thread.graph.TestNGFutureTask.run(TestNGFutureTask.java:22)
at java.base/java.util.concurrent.ThreadPoolExecutor.runWorker(ThreadPoolExecutor.java:1128)
at java.base/java.util.concurrent.ThreadPoolExecutor$Worker.run(ThreadPoolExecutor.java:628)
at java.base/java.lang.Thread.run(Thread.java:834)
]]>
            </full-stacktrace>
          </exception> <!-- org.openqa.selenium.SessionNotCreatedException -->
          <reporter-output>
          </reporter-output>
        </test-method> <!-- feature -->
        <test-method is-config="true" signature="closeBrowser()[pri:0, instance:Runnerclasses.FloridaValidatedifferentaddress@272ed83b]" started-at="2024-05-31T14:52:53 IST" name="closeBrowser" finished-at="2024-05-31T14:52:53 IST" duration-ms="0" status="SKIP">
          <reporter-output>
          </reporter-output>
        </test-method> <!-- closeBrowser -->
        <test-method is-config="true" signature="tearDownClass()[pri:0, instance:Runnerclasses.FloridaValidatedifferentaddress@272ed83b]" started-at="2024-05-31T14:52:53 IST" name="tearDownClass" finished-at="2024-05-31T14:52:54 IST" duration-ms="936" status="PASS">
          <reporter-output>
          </reporter-output>
        </test-method> <!-- tearDownClass -->
      </class> <!-- Runnerclasses.FloridaValidatedifferentaddress -->
      <class name="Runnerclasses.FloridaVerifyMeKnow">
        <test-method is-config="true" signature="setUp(java.lang.String,java.lang.String,java.lang.String,java.lang.String,java.lang.String,java.lang.String,java.lang.String)[pri:0, instance:Runnerclasses.FloridaVerifyMeKnow@41fecb8b]" started-at="2024-05-31T14:52:54 IST" name="setUp" finished-at="2024-05-31T14:52:55 IST" duration-ms="853" status="FAIL">
          <params>
            <param index="0">
              <value>
                <![CDATA[edge]]>
              </value>
            </param>
            <param index="1">
              <value>
                <![CDATA[124.0.2478.67]]>
              </value>
            </param>
            <param index="2">
              <value>
                <![CDATA[false]]>
              </value>
            </param>
            <param index="3">
              <value>
                <![CDATA[saucelabs]]>
              </value>
            </param>
            <param index="4">
              <value>
                <![CDATA[PROF_Studio]]>
              </value>
            </param>
            <param index="5">
              <value>
                <![CDATA[8f0baf43-e329-4837-9180-1dfa345be4eb]]>
              </value>
            </param>
            <param index="6">
              <value>
                <![CDATA[FloridaResidency]]>
              </value>
            </param>
          </params>
          <exception class="org.openqa.selenium.SessionNotCreatedException">
            <message>
              <![CDATA[Could not start a new session. Response code 400. Message: Sauce could not start your job. For more information on what happened, please visit https://app.saucelabs.com/tests/bafcf7fd2b75443089a0c3046dba330c 
Host info: host: 'DESKTOP-NTA1H7H', ip: '192.168.1.22'
Build info: version: '4.13.0', revision: 'ba948ece5b*'
System info: os.name: 'Windows 10', os.arch: 'amd64', os.version: '10.0', java.version: '11.0.20'
Driver info: org.openqa.selenium.remote.RemoteWebDriver
Command: [null, newSession {capabilities=[Capabilities {browserName: chrome, browserVersion: latest, goog:chromeOptions: {args: [--remote-allow-origins=*], extensions: []}, platformName: Windows 10, sauce:options: {accessKey: 8f0baf43-e329-4837-9180-1df..., name: Profile UI - FloridaResidency, screenResolution: 1280x1024, tunnel-identifier: tab-shared-tunnel, username: PROF_Studio}}]}]
Capabilities {browserName: chrome, browserVersion: latest, goog:chromeOptions: {args: [--remote-allow-origins=*], extensions: []}, platformName: Windows 10, sauce:options: {accessKey: 8f0baf43-e329-4837-9180-1df..., name: Profile UI - FloridaResidency, screenResolution: 1280x1024, tunnel-identifier: tab-shared-tunnel, username: PROF_Studio}}]]>
            </message>
            <full-stacktrace>
              <![CDATA[org.openqa.selenium.SessionNotCreatedException: Could not start a new session. Response code 400. Message: Sauce could not start your job. For more information on what happened, please visit https://app.saucelabs.com/tests/bafcf7fd2b75443089a0c3046dba330c 
Host info: host: 'DESKTOP-NTA1H7H', ip: '192.168.1.22'
Build info: version: '4.13.0', revision: 'ba948ece5b*'
System info: os.name: 'Windows 10', os.arch: 'amd64', os.version: '10.0', java.version: '11.0.20'
Driver info: org.openqa.selenium.remote.RemoteWebDriver
Command: [null, newSession {capabilities=[Capabilities {browserName: chrome, browserVersion: latest, goog:chromeOptions: {args: [--remote-allow-origins=*], extensions: []}, platformName: Windows 10, sauce:options: {accessKey: 8f0baf43-e329-4837-9180-1df..., name: Profile UI - FloridaResidency, screenResolution: 1280x1024, tunnel-identifier: tab-shared-tunnel, username: PROF_Studio}}]}]
Capabilities {browserName: chrome, browserVersion: latest, goog:chromeOptions: {args: [--remote-allow-origins=*], extensions: []}, platformName: Windows 10, sauce:options: {accessKey: 8f0baf43-e329-4837-9180-1df..., name: Profile UI - FloridaResidency, screenResolution: 1280x1024, tunnel-identifier: tab-shared-tunnel, username: PROF_Studio}}
at org.openqa.selenium.remote.ProtocolHandshake.createSession(ProtocolHandshake.java:140)
at org.openqa.selenium.remote.ProtocolHandshake.createSession(ProtocolHandshake.java:96)
at org.openqa.selenium.remote.ProtocolHandshake.createSession(ProtocolHandshake.java:68)
at org.openqa.selenium.remote.HttpCommandExecutor.execute(HttpCommandExecutor.java:163)
at org.openqa.selenium.remote.TracedCommandExecutor.execute(TracedCommandExecutor.java:51)
at org.openqa.selenium.remote.RemoteWebDriver.execute(RemoteWebDriver.java:602)
at org.openqa.selenium.remote.RemoteWebDriver.startSession(RemoteWebDriver.java:236)
at org.openqa.selenium.remote.RemoteWebDriver.<init>(RemoteWebDriver.java:163)
at org.openqa.selenium.remote.RemoteWebDriver.<init>(RemoteWebDriver.java:143)
at Core.SauceLabsConfig.createDriver(SauceLabsConfig.java:25)
at Core.TestSuiteInitialization.setUp(TestSuiteInitialization.java:91)
at java.base/jdk.internal.reflect.NativeMethodAccessorImpl.invoke0(Native Method)
at java.base/jdk.internal.reflect.NativeMethodAccessorImpl.invoke(NativeMethodAccessorImpl.java:62)
at java.base/jdk.internal.reflect.DelegatingMethodAccessorImpl.invoke(DelegatingMethodAccessorImpl.java:43)
at java.base/java.lang.reflect.Method.invoke(Method.java:566)
at org.testng.internal.invokers.MethodInvocationHelper.invokeMethod(MethodInvocationHelper.java:139)
at org.testng.internal.invokers.MethodInvocationHelper.invokeMethodConsideringTimeout(MethodInvocationHelper.java:69)
at org.testng.internal.invokers.ConfigInvoker.invokeConfigurationMethod(ConfigInvoker.java:393)
at org.testng.internal.invokers.ConfigInvoker.invokeConfigurations(ConfigInvoker.java:326)
at org.testng.internal.invokers.TestMethodWorker.invokeBeforeClassMethods(TestMethodWorker.java:180)
at org.testng.internal.invokers.TestMethodWorker.run(TestMethodWorker.java:122)
at java.base/java.util.concurrent.Executors$RunnableAdapter.call(Executors.java:515)
at java.base/java.util.concurrent.FutureTask.run(FutureTask.java:264)
at org.testng.internal.thread.graph.TestNGFutureTask.run(TestNGFutureTask.java:22)
at java.base/java.util.concurrent.ThreadPoolExecutor.runWorker(ThreadPoolExecutor.java:1128)
at java.base/java.util.concurrent.ThreadPoolExecutor$Worker.run(ThreadPoolExecutor.java:628)
at java.base/java.lang.Thread.run(Thread.java:834)
]]>
            </full-stacktrace>
          </exception> <!-- org.openqa.selenium.SessionNotCreatedException -->
          <reporter-output>
          </reporter-output>
        </test-method> <!-- setUp -->
        <test-method signature="feature(io.cucumber.testng.PickleWrapper,io.cucumber.testng.FeatureWrapper)[pri:0, instance:Runnerclasses.FloridaVerifyMeKnow@41fecb8b]" started-at="2024-05-31T14:52:55 IST" name="feature" description="Runs Cucumber Feature" data-provider="features" finished-at="2024-05-31T14:52:55 IST" duration-ms="0" status="SKIP">
          <params>
            <param index="0">
              <value>
                <![CDATA["Validate whether Verify Me Know button"]]>
              </value>
            </param>
            <param index="1">
              <value>
                <![CDATA["Validate whether Verify Me Know button enable without enter the data"]]>
              </value>
            </param>
          </params>
          <exception class="org.openqa.selenium.SessionNotCreatedException">
            <message>
              <![CDATA[Could not start a new session. Response code 400. Message: Sauce could not start your job. For more information on what happened, please visit https://app.saucelabs.com/tests/bafcf7fd2b75443089a0c3046dba330c 
Host info: host: 'DESKTOP-NTA1H7H', ip: '192.168.1.22'
Build info: version: '4.13.0', revision: 'ba948ece5b*'
System info: os.name: 'Windows 10', os.arch: 'amd64', os.version: '10.0', java.version: '11.0.20'
Driver info: org.openqa.selenium.remote.RemoteWebDriver
Command: [null, newSession {capabilities=[Capabilities {browserName: chrome, browserVersion: latest, goog:chromeOptions: {args: [--remote-allow-origins=*], extensions: []}, platformName: Windows 10, sauce:options: {accessKey: 8f0baf43-e329-4837-9180-1df..., name: Profile UI - FloridaResidency, screenResolution: 1280x1024, tunnel-identifier: tab-shared-tunnel, username: PROF_Studio}}]}]
Capabilities {browserName: chrome, browserVersion: latest, goog:chromeOptions: {args: [--remote-allow-origins=*], extensions: []}, platformName: Windows 10, sauce:options: {accessKey: 8f0baf43-e329-4837-9180-1df..., name: Profile UI - FloridaResidency, screenResolution: 1280x1024, tunnel-identifier: tab-shared-tunnel, username: PROF_Studio}}]]>
            </message>
            <full-stacktrace>
              <![CDATA[org.openqa.selenium.SessionNotCreatedException: Could not start a new session. Response code 400. Message: Sauce could not start your job. For more information on what happened, please visit https://app.saucelabs.com/tests/bafcf7fd2b75443089a0c3046dba330c 
Host info: host: 'DESKTOP-NTA1H7H', ip: '192.168.1.22'
Build info: version: '4.13.0', revision: 'ba948ece5b*'
System info: os.name: 'Windows 10', os.arch: 'amd64', os.version: '10.0', java.version: '11.0.20'
Driver info: org.openqa.selenium.remote.RemoteWebDriver
Command: [null, newSession {capabilities=[Capabilities {browserName: chrome, browserVersion: latest, goog:chromeOptions: {args: [--remote-allow-origins=*], extensions: []}, platformName: Windows 10, sauce:options: {accessKey: 8f0baf43-e329-4837-9180-1df..., name: Profile UI - FloridaResidency, screenResolution: 1280x1024, tunnel-identifier: tab-shared-tunnel, username: PROF_Studio}}]}]
Capabilities {browserName: chrome, browserVersion: latest, goog:chromeOptions: {args: [--remote-allow-origins=*], extensions: []}, platformName: Windows 10, sauce:options: {accessKey: 8f0baf43-e329-4837-9180-1df..., name: Profile UI - FloridaResidency, screenResolution: 1280x1024, tunnel-identifier: tab-shared-tunnel, username: PROF_Studio}}
at org.openqa.selenium.remote.ProtocolHandshake.createSession(ProtocolHandshake.java:140)
at org.openqa.selenium.remote.ProtocolHandshake.createSession(ProtocolHandshake.java:96)
at org.openqa.selenium.remote.ProtocolHandshake.createSession(ProtocolHandshake.java:68)
at org.openqa.selenium.remote.HttpCommandExecutor.execute(HttpCommandExecutor.java:163)
at org.openqa.selenium.remote.TracedCommandExecutor.execute(TracedCommandExecutor.java:51)
at org.openqa.selenium.remote.RemoteWebDriver.execute(RemoteWebDriver.java:602)
at org.openqa.selenium.remote.RemoteWebDriver.startSession(RemoteWebDriver.java:236)
at org.openqa.selenium.remote.RemoteWebDriver.<init>(RemoteWebDriver.java:163)
at org.openqa.selenium.remote.RemoteWebDriver.<init>(RemoteWebDriver.java:143)
at Core.SauceLabsConfig.createDriver(SauceLabsConfig.java:25)
at Core.TestSuiteInitialization.setUp(TestSuiteInitialization.java:91)
at java.base/jdk.internal.reflect.NativeMethodAccessorImpl.invoke0(Native Method)
at java.base/jdk.internal.reflect.NativeMethodAccessorImpl.invoke(NativeMethodAccessorImpl.java:62)
at java.base/jdk.internal.reflect.DelegatingMethodAccessorImpl.invoke(DelegatingMethodAccessorImpl.java:43)
at java.base/java.lang.reflect.Method.invoke(Method.java:566)
at org.testng.internal.invokers.MethodInvocationHelper.invokeMethod(MethodInvocationHelper.java:139)
at org.testng.internal.invokers.MethodInvocationHelper.invokeMethodConsideringTimeout(MethodInvocationHelper.java:69)
at org.testng.internal.invokers.ConfigInvoker.invokeConfigurationMethod(ConfigInvoker.java:393)
at org.testng.internal.invokers.ConfigInvoker.invokeConfigurations(ConfigInvoker.java:326)
at org.testng.internal.invokers.TestMethodWorker.invokeBeforeClassMethods(TestMethodWorker.java:180)
at org.testng.internal.invokers.TestMethodWorker.run(TestMethodWorker.java:122)
at java.base/java.util.concurrent.Executors$RunnableAdapter.call(Executors.java:515)
at java.base/java.util.concurrent.FutureTask.run(FutureTask.java:264)
at org.testng.internal.thread.graph.TestNGFutureTask.run(TestNGFutureTask.java:22)
at java.base/java.util.concurrent.ThreadPoolExecutor.runWorker(ThreadPoolExecutor.java:1128)
at java.base/java.util.concurrent.ThreadPoolExecutor$Worker.run(ThreadPoolExecutor.java:628)
at java.base/java.lang.Thread.run(Thread.java:834)
]]>
            </full-stacktrace>
          </exception> <!-- org.openqa.selenium.SessionNotCreatedException -->
          <reporter-output>
          </reporter-output>
        </test-method> <!-- feature -->
        <test-method is-config="true" signature="closeBrowser()[pri:0, instance:Runnerclasses.FloridaVerifyMeKnow@41fecb8b]" started-at="2024-05-31T14:52:55 IST" name="closeBrowser" finished-at="2024-05-31T14:52:55 IST" duration-ms="0" status="SKIP">
          <reporter-output>
          </reporter-output>
        </test-method> <!-- closeBrowser -->
        <test-method is-config="true" signature="tearDownClass()[pri:0, instance:Runnerclasses.FloridaVerifyMeKnow@41fecb8b]" started-at="2024-05-31T14:52:55 IST" name="tearDownClass" finished-at="2024-05-31T14:52:56 IST" duration-ms="1044" status="PASS">
          <reporter-output>
          </reporter-output>
        </test-method> <!-- tearDownClass -->
      </class> <!-- Runnerclasses.FloridaVerifyMeKnow -->
      <class name="Runnerclasses.NonFloridaRunner">
        <test-method is-config="true" signature="setUp()[pri:0, instance:Runnerclasses.NonFloridaRunner@53976f5c]" started-at="2024-05-31T14:52:33 IST" name="setUp" finished-at="2024-05-31T14:52:35 IST" duration-ms="1875" status="PASS">
          <reporter-output>
          </reporter-output>
        </test-method> <!-- setUp -->
        <test-method is-config="true" signature="setUp(java.lang.String,java.lang.String,java.lang.String,java.lang.String,java.lang.String,java.lang.String,java.lang.String)[pri:0, instance:Runnerclasses.NonFloridaRunner@53976f5c]" started-at="2024-05-31T14:52:36 IST" name="setUp" finished-at="2024-05-31T14:52:42 IST" duration-ms="6910" status="FAIL">
          <params>
            <param index="0">
              <value>
                <![CDATA[edge]]>
              </value>
            </param>
            <param index="1">
              <value>
                <![CDATA[124.0.2478.67]]>
              </value>
            </param>
            <param index="2">
              <value>
                <![CDATA[false]]>
              </value>
            </param>
            <param index="3">
              <value>
                <![CDATA[saucelabs]]>
              </value>
            </param>
            <param index="4">
              <value>
                <![CDATA[PROF_Studio]]>
              </value>
            </param>
            <param index="5">
              <value>
                <![CDATA[8f0baf43-e329-4837-9180-1dfa345be4eb]]>
              </value>
            </param>
            <param index="6">
              <value>
                <![CDATA[FloridaResidency]]>
              </value>
            </param>
          </params>
          <exception class="org.openqa.selenium.SessionNotCreatedException">
            <message>
              <![CDATA[Could not start a new session. Response code 400. Message: Sauce could not start your job. For more information on what happened, please visit https://app.saucelabs.com/tests/1df1c6e0c02a4411950c070468a3a6f1 
Host info: host: 'DESKTOP-NTA1H7H', ip: '192.168.1.22'
Build info: version: '4.13.0', revision: 'ba948ece5b*'
System info: os.name: 'Windows 10', os.arch: 'amd64', os.version: '10.0', java.version: '11.0.20'
Driver info: org.openqa.selenium.remote.RemoteWebDriver
Command: [null, newSession {capabilities=[Capabilities {browserName: chrome, browserVersion: latest, goog:chromeOptions: {args: [--remote-allow-origins=*], extensions: []}, platformName: Windows 10, sauce:options: {accessKey: 8f0baf43-e329-4837-9180-1df..., name: Profile UI - FloridaResidency, screenResolution: 1280x1024, tunnel-identifier: tab-shared-tunnel, username: PROF_Studio}}]}]
Capabilities {browserName: chrome, browserVersion: latest, goog:chromeOptions: {args: [--remote-allow-origins=*], extensions: []}, platformName: Windows 10, sauce:options: {accessKey: 8f0baf43-e329-4837-9180-1df..., name: Profile UI - FloridaResidency, screenResolution: 1280x1024, tunnel-identifier: tab-shared-tunnel, username: PROF_Studio}}]]>
            </message>
            <full-stacktrace>
              <![CDATA[org.openqa.selenium.SessionNotCreatedException: Could not start a new session. Response code 400. Message: Sauce could not start your job. For more information on what happened, please visit https://app.saucelabs.com/tests/1df1c6e0c02a4411950c070468a3a6f1 
Host info: host: 'DESKTOP-NTA1H7H', ip: '192.168.1.22'
Build info: version: '4.13.0', revision: 'ba948ece5b*'
System info: os.name: 'Windows 10', os.arch: 'amd64', os.version: '10.0', java.version: '11.0.20'
Driver info: org.openqa.selenium.remote.RemoteWebDriver
Command: [null, newSession {capabilities=[Capabilities {browserName: chrome, browserVersion: latest, goog:chromeOptions: {args: [--remote-allow-origins=*], extensions: []}, platformName: Windows 10, sauce:options: {accessKey: 8f0baf43-e329-4837-9180-1df..., name: Profile UI - FloridaResidency, screenResolution: 1280x1024, tunnel-identifier: tab-shared-tunnel, username: PROF_Studio}}]}]
Capabilities {browserName: chrome, browserVersion: latest, goog:chromeOptions: {args: [--remote-allow-origins=*], extensions: []}, platformName: Windows 10, sauce:options: {accessKey: 8f0baf43-e329-4837-9180-1df..., name: Profile UI - FloridaResidency, screenResolution: 1280x1024, tunnel-identifier: tab-shared-tunnel, username: PROF_Studio}}
at org.openqa.selenium.remote.ProtocolHandshake.createSession(ProtocolHandshake.java:140)
at org.openqa.selenium.remote.ProtocolHandshake.createSession(ProtocolHandshake.java:96)
at org.openqa.selenium.remote.ProtocolHandshake.createSession(ProtocolHandshake.java:68)
at org.openqa.selenium.remote.HttpCommandExecutor.execute(HttpCommandExecutor.java:163)
at org.openqa.selenium.remote.TracedCommandExecutor.execute(TracedCommandExecutor.java:51)
at org.openqa.selenium.remote.RemoteWebDriver.execute(RemoteWebDriver.java:602)
at org.openqa.selenium.remote.RemoteWebDriver.startSession(RemoteWebDriver.java:236)
at org.openqa.selenium.remote.RemoteWebDriver.<init>(RemoteWebDriver.java:163)
at org.openqa.selenium.remote.RemoteWebDriver.<init>(RemoteWebDriver.java:143)
at Core.SauceLabsConfig.createDriver(SauceLabsConfig.java:25)
at Core.TestSuiteInitialization.setUp(TestSuiteInitialization.java:91)
at java.base/jdk.internal.reflect.NativeMethodAccessorImpl.invoke0(Native Method)
at java.base/jdk.internal.reflect.NativeMethodAccessorImpl.invoke(NativeMethodAccessorImpl.java:62)
at java.base/jdk.internal.reflect.DelegatingMethodAccessorImpl.invoke(DelegatingMethodAccessorImpl.java:43)
at java.base/java.lang.reflect.Method.invoke(Method.java:566)
at org.testng.internal.invokers.MethodInvocationHelper.invokeMethod(MethodInvocationHelper.java:139)
at org.testng.internal.invokers.MethodInvocationHelper.invokeMethodConsideringTimeout(MethodInvocationHelper.java:69)
at org.testng.internal.invokers.ConfigInvoker.invokeConfigurationMethod(ConfigInvoker.java:393)
at org.testng.internal.invokers.ConfigInvoker.invokeConfigurations(ConfigInvoker.java:326)
at org.testng.internal.invokers.TestMethodWorker.invokeBeforeClassMethods(TestMethodWorker.java:180)
at org.testng.internal.invokers.TestMethodWorker.run(TestMethodWorker.java:122)
at java.base/java.util.concurrent.Executors$RunnableAdapter.call(Executors.java:515)
at java.base/java.util.concurrent.FutureTask.run(FutureTask.java:264)
at org.testng.internal.thread.graph.TestNGFutureTask.run(TestNGFutureTask.java:22)
at java.base/java.util.concurrent.ThreadPoolExecutor.runWorker(ThreadPoolExecutor.java:1128)
at java.base/java.util.concurrent.ThreadPoolExecutor$Worker.run(ThreadPoolExecutor.java:628)
at java.base/java.lang.Thread.run(Thread.java:834)
]]>
            </full-stacktrace>
          </exception> <!-- org.openqa.selenium.SessionNotCreatedException -->
          <reporter-output>
          </reporter-output>
        </test-method> <!-- setUp -->
        <test-method signature="feature(io.cucumber.testng.PickleWrapper,io.cucumber.testng.FeatureWrapper)[pri:0, instance:Runnerclasses.NonFloridaRunner@53976f5c]" started-at="2024-05-31T14:52:46 IST" name="feature" description="Runs Cucumber Feature" data-provider="features" finished-at="2024-05-31T14:52:46 IST" duration-ms="0" status="SKIP">
          <params>
            <param index="0">
              <value>
                <![CDATA["Florida resident validation with non Florida account"]]>
              </value>
            </param>
            <param index="1">
              <value>
                <![CDATA["Validate non Florida account : Florida resident validation with non Florida account"]]>
              </value>
            </param>
          </params>
          <exception class="org.openqa.selenium.SessionNotCreatedException">
            <message>
              <![CDATA[Could not start a new session. Response code 400. Message: Sauce could not start your job. For more information on what happened, please visit https://app.saucelabs.com/tests/1df1c6e0c02a4411950c070468a3a6f1 
Host info: host: 'DESKTOP-NTA1H7H', ip: '192.168.1.22'
Build info: version: '4.13.0', revision: 'ba948ece5b*'
System info: os.name: 'Windows 10', os.arch: 'amd64', os.version: '10.0', java.version: '11.0.20'
Driver info: org.openqa.selenium.remote.RemoteWebDriver
Command: [null, newSession {capabilities=[Capabilities {browserName: chrome, browserVersion: latest, goog:chromeOptions: {args: [--remote-allow-origins=*], extensions: []}, platformName: Windows 10, sauce:options: {accessKey: 8f0baf43-e329-4837-9180-1df..., name: Profile UI - FloridaResidency, screenResolution: 1280x1024, tunnel-identifier: tab-shared-tunnel, username: PROF_Studio}}]}]
Capabilities {browserName: chrome, browserVersion: latest, goog:chromeOptions: {args: [--remote-allow-origins=*], extensions: []}, platformName: Windows 10, sauce:options: {accessKey: 8f0baf43-e329-4837-9180-1df..., name: Profile UI - FloridaResidency, screenResolution: 1280x1024, tunnel-identifier: tab-shared-tunnel, username: PROF_Studio}}]]>
            </message>
            <full-stacktrace>
              <![CDATA[org.openqa.selenium.SessionNotCreatedException: Could not start a new session. Response code 400. Message: Sauce could not start your job. For more information on what happened, please visit https://app.saucelabs.com/tests/1df1c6e0c02a4411950c070468a3a6f1 
Host info: host: 'DESKTOP-NTA1H7H', ip: '192.168.1.22'
Build info: version: '4.13.0', revision: 'ba948ece5b*'
System info: os.name: 'Windows 10', os.arch: 'amd64', os.version: '10.0', java.version: '11.0.20'
Driver info: org.openqa.selenium.remote.RemoteWebDriver
Command: [null, newSession {capabilities=[Capabilities {browserName: chrome, browserVersion: latest, goog:chromeOptions: {args: [--remote-allow-origins=*], extensions: []}, platformName: Windows 10, sauce:options: {accessKey: 8f0baf43-e329-4837-9180-1df..., name: Profile UI - FloridaResidency, screenResolution: 1280x1024, tunnel-identifier: tab-shared-tunnel, username: PROF_Studio}}]}]
Capabilities {browserName: chrome, browserVersion: latest, goog:chromeOptions: {args: [--remote-allow-origins=*], extensions: []}, platformName: Windows 10, sauce:options: {accessKey: 8f0baf43-e329-4837-9180-1df..., name: Profile UI - FloridaResidency, screenResolution: 1280x1024, tunnel-identifier: tab-shared-tunnel, username: PROF_Studio}}
at org.openqa.selenium.remote.ProtocolHandshake.createSession(ProtocolHandshake.java:140)
at org.openqa.selenium.remote.ProtocolHandshake.createSession(ProtocolHandshake.java:96)
at org.openqa.selenium.remote.ProtocolHandshake.createSession(ProtocolHandshake.java:68)
at org.openqa.selenium.remote.HttpCommandExecutor.execute(HttpCommandExecutor.java:163)
at org.openqa.selenium.remote.TracedCommandExecutor.execute(TracedCommandExecutor.java:51)
at org.openqa.selenium.remote.RemoteWebDriver.execute(RemoteWebDriver.java:602)
at org.openqa.selenium.remote.RemoteWebDriver.startSession(RemoteWebDriver.java:236)
at org.openqa.selenium.remote.RemoteWebDriver.<init>(RemoteWebDriver.java:163)
at org.openqa.selenium.remote.RemoteWebDriver.<init>(RemoteWebDriver.java:143)
at Core.SauceLabsConfig.createDriver(SauceLabsConfig.java:25)
at Core.TestSuiteInitialization.setUp(TestSuiteInitialization.java:91)
at java.base/jdk.internal.reflect.NativeMethodAccessorImpl.invoke0(Native Method)
at java.base/jdk.internal.reflect.NativeMethodAccessorImpl.invoke(NativeMethodAccessorImpl.java:62)
at java.base/jdk.internal.reflect.DelegatingMethodAccessorImpl.invoke(DelegatingMethodAccessorImpl.java:43)
at java.base/java.lang.reflect.Method.invoke(Method.java:566)
at org.testng.internal.invokers.MethodInvocationHelper.invokeMethod(MethodInvocationHelper.java:139)
at org.testng.internal.invokers.MethodInvocationHelper.invokeMethodConsideringTimeout(MethodInvocationHelper.java:69)
at org.testng.internal.invokers.ConfigInvoker.invokeConfigurationMethod(ConfigInvoker.java:393)
at org.testng.internal.invokers.ConfigInvoker.invokeConfigurations(ConfigInvoker.java:326)
at org.testng.internal.invokers.TestMethodWorker.invokeBeforeClassMethods(TestMethodWorker.java:180)
at org.testng.internal.invokers.TestMethodWorker.run(TestMethodWorker.java:122)
at java.base/java.util.concurrent.Executors$RunnableAdapter.call(Executors.java:515)
at java.base/java.util.concurrent.FutureTask.run(FutureTask.java:264)
at org.testng.internal.thread.graph.TestNGFutureTask.run(TestNGFutureTask.java:22)
at java.base/java.util.concurrent.ThreadPoolExecutor.runWorker(ThreadPoolExecutor.java:1128)
at java.base/java.util.concurrent.ThreadPoolExecutor$Worker.run(ThreadPoolExecutor.java:628)
at java.base/java.lang.Thread.run(Thread.java:834)
]]>
            </full-stacktrace>
          </exception> <!-- org.openqa.selenium.SessionNotCreatedException -->
          <reporter-output>
          </reporter-output>
        </test-method> <!-- feature -->
        <test-method is-config="true" signature="closeBrowser()[pri:0, instance:Runnerclasses.NonFloridaRunner@53976f5c]" started-at="2024-05-31T14:52:46 IST" name="closeBrowser" finished-at="2024-05-31T14:52:46 IST" duration-ms="0" status="SKIP">
          <reporter-output>
          </reporter-output>
        </test-method> <!-- closeBrowser -->
        <test-method is-config="true" signature="tearDownClass()[pri:0, instance:Runnerclasses.NonFloridaRunner@53976f5c]" started-at="2024-05-31T14:52:46 IST" name="tearDownClass" finished-at="2024-05-31T14:52:48 IST" duration-ms="2722" status="PASS">
          <reporter-output>
          </reporter-output>
        </test-method> <!-- tearDownClass -->
      </class> <!-- Runnerclasses.NonFloridaRunner -->
      <class name="Runnerclasses.FloridaFields">
        <test-method is-config="true" signature="setUp(java.lang.String,java.lang.String,java.lang.String,java.lang.String,java.lang.String,java.lang.String,java.lang.String)[pri:0, instance:Runnerclasses.FloridaFields@732c2a62]" started-at="2024-05-31T14:52:50 IST" name="setUp" finished-at="2024-05-31T14:52:51 IST" duration-ms="570" status="FAIL">
          <params>
            <param index="0">
              <value>
                <![CDATA[edge]]>
              </value>
            </param>
            <param index="1">
              <value>
                <![CDATA[124.0.2478.67]]>
              </value>
            </param>
            <param index="2">
              <value>
                <![CDATA[false]]>
              </value>
            </param>
            <param index="3">
              <value>
                <![CDATA[saucelabs]]>
              </value>
            </param>
            <param index="4">
              <value>
                <![CDATA[PROF_Studio]]>
              </value>
            </param>
            <param index="5">
              <value>
                <![CDATA[8f0baf43-e329-4837-9180-1dfa345be4eb]]>
              </value>
            </param>
            <param index="6">
              <value>
                <![CDATA[FloridaResidency]]>
              </value>
            </param>
          </params>
          <exception class="org.openqa.selenium.SessionNotCreatedException">
            <message>
              <![CDATA[Could not start a new session. Response code 400. Message: Sauce could not start your job. For more information on what happened, please visit https://app.saucelabs.com/tests/98454b672ec9487bbdcb0a5320cb7077 
Host info: host: 'DESKTOP-NTA1H7H', ip: '192.168.1.22'
Build info: version: '4.13.0', revision: 'ba948ece5b*'
System info: os.name: 'Windows 10', os.arch: 'amd64', os.version: '10.0', java.version: '11.0.20'
Driver info: org.openqa.selenium.remote.RemoteWebDriver
Command: [null, newSession {capabilities=[Capabilities {browserName: chrome, browserVersion: latest, goog:chromeOptions: {args: [--remote-allow-origins=*], extensions: []}, platformName: Windows 10, sauce:options: {accessKey: 8f0baf43-e329-4837-9180-1df..., name: Profile UI - FloridaResidency, screenResolution: 1280x1024, tunnel-identifier: tab-shared-tunnel, username: PROF_Studio}}]}]
Capabilities {browserName: chrome, browserVersion: latest, goog:chromeOptions: {args: [--remote-allow-origins=*], extensions: []}, platformName: Windows 10, sauce:options: {accessKey: 8f0baf43-e329-4837-9180-1df..., name: Profile UI - FloridaResidency, screenResolution: 1280x1024, tunnel-identifier: tab-shared-tunnel, username: PROF_Studio}}]]>
            </message>
            <full-stacktrace>
              <![CDATA[org.openqa.selenium.SessionNotCreatedException: Could not start a new session. Response code 400. Message: Sauce could not start your job. For more information on what happened, please visit https://app.saucelabs.com/tests/98454b672ec9487bbdcb0a5320cb7077 
Host info: host: 'DESKTOP-NTA1H7H', ip: '192.168.1.22'
Build info: version: '4.13.0', revision: 'ba948ece5b*'
System info: os.name: 'Windows 10', os.arch: 'amd64', os.version: '10.0', java.version: '11.0.20'
Driver info: org.openqa.selenium.remote.RemoteWebDriver
Command: [null, newSession {capabilities=[Capabilities {browserName: chrome, browserVersion: latest, goog:chromeOptions: {args: [--remote-allow-origins=*], extensions: []}, platformName: Windows 10, sauce:options: {accessKey: 8f0baf43-e329-4837-9180-1df..., name: Profile UI - FloridaResidency, screenResolution: 1280x1024, tunnel-identifier: tab-shared-tunnel, username: PROF_Studio}}]}]
Capabilities {browserName: chrome, browserVersion: latest, goog:chromeOptions: {args: [--remote-allow-origins=*], extensions: []}, platformName: Windows 10, sauce:options: {accessKey: 8f0baf43-e329-4837-9180-1df..., name: Profile UI - FloridaResidency, screenResolution: 1280x1024, tunnel-identifier: tab-shared-tunnel, username: PROF_Studio}}
at org.openqa.selenium.remote.ProtocolHandshake.createSession(ProtocolHandshake.java:140)
at org.openqa.selenium.remote.ProtocolHandshake.createSession(ProtocolHandshake.java:96)
at org.openqa.selenium.remote.ProtocolHandshake.createSession(ProtocolHandshake.java:68)
at org.openqa.selenium.remote.HttpCommandExecutor.execute(HttpCommandExecutor.java:163)
at org.openqa.selenium.remote.TracedCommandExecutor.execute(TracedCommandExecutor.java:51)
at org.openqa.selenium.remote.RemoteWebDriver.execute(RemoteWebDriver.java:602)
at org.openqa.selenium.remote.RemoteWebDriver.startSession(RemoteWebDriver.java:236)
at org.openqa.selenium.remote.RemoteWebDriver.<init>(RemoteWebDriver.java:163)
at org.openqa.selenium.remote.RemoteWebDriver.<init>(RemoteWebDriver.java:143)
at Core.SauceLabsConfig.createDriver(SauceLabsConfig.java:25)
at Core.TestSuiteInitialization.setUp(TestSuiteInitialization.java:91)
at java.base/jdk.internal.reflect.NativeMethodAccessorImpl.invoke0(Native Method)
at java.base/jdk.internal.reflect.NativeMethodAccessorImpl.invoke(NativeMethodAccessorImpl.java:62)
at java.base/jdk.internal.reflect.DelegatingMethodAccessorImpl.invoke(DelegatingMethodAccessorImpl.java:43)
at java.base/java.lang.reflect.Method.invoke(Method.java:566)
at org.testng.internal.invokers.MethodInvocationHelper.invokeMethod(MethodInvocationHelper.java:139)
at org.testng.internal.invokers.MethodInvocationHelper.invokeMethodConsideringTimeout(MethodInvocationHelper.java:69)
at org.testng.internal.invokers.ConfigInvoker.invokeConfigurationMethod(ConfigInvoker.java:393)
at org.testng.internal.invokers.ConfigInvoker.invokeConfigurations(ConfigInvoker.java:326)
at org.testng.internal.invokers.TestMethodWorker.invokeBeforeClassMethods(TestMethodWorker.java:180)
at org.testng.internal.invokers.TestMethodWorker.run(TestMethodWorker.java:122)
at java.base/java.util.concurrent.Executors$RunnableAdapter.call(Executors.java:515)
at java.base/java.util.concurrent.FutureTask.run(FutureTask.java:264)
at org.testng.internal.thread.graph.TestNGFutureTask.run(TestNGFutureTask.java:22)
at java.base/java.util.concurrent.ThreadPoolExecutor.runWorker(ThreadPoolExecutor.java:1128)
at java.base/java.util.concurrent.ThreadPoolExecutor$Worker.run(ThreadPoolExecutor.java:628)
at java.base/java.lang.Thread.run(Thread.java:834)
]]>
            </full-stacktrace>
          </exception> <!-- org.openqa.selenium.SessionNotCreatedException -->
          <reporter-output>
          </reporter-output>
        </test-method> <!-- setUp -->
        <test-method signature="feature(io.cucumber.testng.PickleWrapper,io.cucumber.testng.FeatureWrapper)[pri:0, instance:Runnerclasses.FloridaFields@732c2a62]" started-at="2024-05-31T14:52:51 IST" name="feature" description="Runs Cucumber Feature" data-provider="features" finished-at="2024-05-31T14:52:51 IST" duration-ms="0" status="SKIP">
          <params>
            <param index="0">
              <value>
                <![CDATA["Validate florida fields"]]>
              </value>
            </param>
            <param index="1">
              <value>
                <![CDATA["Validate fields in the Validate by Id page : Validate florida fields"]]>
              </value>
            </param>
          </params>
          <exception class="org.openqa.selenium.SessionNotCreatedException">
            <message>
              <![CDATA[Could not start a new session. Response code 400. Message: Sauce could not start your job. For more information on what happened, please visit https://app.saucelabs.com/tests/98454b672ec9487bbdcb0a5320cb7077 
Host info: host: 'DESKTOP-NTA1H7H', ip: '192.168.1.22'
Build info: version: '4.13.0', revision: 'ba948ece5b*'
System info: os.name: 'Windows 10', os.arch: 'amd64', os.version: '10.0', java.version: '11.0.20'
Driver info: org.openqa.selenium.remote.RemoteWebDriver
Command: [null, newSession {capabilities=[Capabilities {browserName: chrome, browserVersion: latest, goog:chromeOptions: {args: [--remote-allow-origins=*], extensions: []}, platformName: Windows 10, sauce:options: {accessKey: 8f0baf43-e329-4837-9180-1df..., name: Profile UI - FloridaResidency, screenResolution: 1280x1024, tunnel-identifier: tab-shared-tunnel, username: PROF_Studio}}]}]
Capabilities {browserName: chrome, browserVersion: latest, goog:chromeOptions: {args: [--remote-allow-origins=*], extensions: []}, platformName: Windows 10, sauce:options: {accessKey: 8f0baf43-e329-4837-9180-1df..., name: Profile UI - FloridaResidency, screenResolution: 1280x1024, tunnel-identifier: tab-shared-tunnel, username: PROF_Studio}}]]>
            </message>
            <full-stacktrace>
              <![CDATA[org.openqa.selenium.SessionNotCreatedException: Could not start a new session. Response code 400. Message: Sauce could not start your job. For more information on what happened, please visit https://app.saucelabs.com/tests/98454b672ec9487bbdcb0a5320cb7077 
Host info: host: 'DESKTOP-NTA1H7H', ip: '192.168.1.22'
Build info: version: '4.13.0', revision: 'ba948ece5b*'
System info: os.name: 'Windows 10', os.arch: 'amd64', os.version: '10.0', java.version: '11.0.20'
Driver info: org.openqa.selenium.remote.RemoteWebDriver
Command: [null, newSession {capabilities=[Capabilities {browserName: chrome, browserVersion: latest, goog:chromeOptions: {args: [--remote-allow-origins=*], extensions: []}, platformName: Windows 10, sauce:options: {accessKey: 8f0baf43-e329-4837-9180-1df..., name: Profile UI - FloridaResidency, screenResolution: 1280x1024, tunnel-identifier: tab-shared-tunnel, username: PROF_Studio}}]}]
Capabilities {browserName: chrome, browserVersion: latest, goog:chromeOptions: {args: [--remote-allow-origins=*], extensions: []}, platformName: Windows 10, sauce:options: {accessKey: 8f0baf43-e329-4837-9180-1df..., name: Profile UI - FloridaResidency, screenResolution: 1280x1024, tunnel-identifier: tab-shared-tunnel, username: PROF_Studio}}
at org.openqa.selenium.remote.ProtocolHandshake.createSession(ProtocolHandshake.java:140)
at org.openqa.selenium.remote.ProtocolHandshake.createSession(ProtocolHandshake.java:96)
at org.openqa.selenium.remote.ProtocolHandshake.createSession(ProtocolHandshake.java:68)
at org.openqa.selenium.remote.HttpCommandExecutor.execute(HttpCommandExecutor.java:163)
at org.openqa.selenium.remote.TracedCommandExecutor.execute(TracedCommandExecutor.java:51)
at org.openqa.selenium.remote.RemoteWebDriver.execute(RemoteWebDriver.java:602)
at org.openqa.selenium.remote.RemoteWebDriver.startSession(RemoteWebDriver.java:236)
at org.openqa.selenium.remote.RemoteWebDriver.<init>(RemoteWebDriver.java:163)
at org.openqa.selenium.remote.RemoteWebDriver.<init>(RemoteWebDriver.java:143)
at Core.SauceLabsConfig.createDriver(SauceLabsConfig.java:25)
at Core.TestSuiteInitialization.setUp(TestSuiteInitialization.java:91)
at java.base/jdk.internal.reflect.NativeMethodAccessorImpl.invoke0(Native Method)
at java.base/jdk.internal.reflect.NativeMethodAccessorImpl.invoke(NativeMethodAccessorImpl.java:62)
at java.base/jdk.internal.reflect.DelegatingMethodAccessorImpl.invoke(DelegatingMethodAccessorImpl.java:43)
at java.base/java.lang.reflect.Method.invoke(Method.java:566)
at org.testng.internal.invokers.MethodInvocationHelper.invokeMethod(MethodInvocationHelper.java:139)
at org.testng.internal.invokers.MethodInvocationHelper.invokeMethodConsideringTimeout(MethodInvocationHelper.java:69)
at org.testng.internal.invokers.ConfigInvoker.invokeConfigurationMethod(ConfigInvoker.java:393)
at org.testng.internal.invokers.ConfigInvoker.invokeConfigurations(ConfigInvoker.java:326)
at org.testng.internal.invokers.TestMethodWorker.invokeBeforeClassMethods(TestMethodWorker.java:180)
at org.testng.internal.invokers.TestMethodWorker.run(TestMethodWorker.java:122)
at java.base/java.util.concurrent.Executors$RunnableAdapter.call(Executors.java:515)
at java.base/java.util.concurrent.FutureTask.run(FutureTask.java:264)
at org.testng.internal.thread.graph.TestNGFutureTask.run(TestNGFutureTask.java:22)
at java.base/java.util.concurrent.ThreadPoolExecutor.runWorker(ThreadPoolExecutor.java:1128)
at java.base/java.util.concurrent.ThreadPoolExecutor$Worker.run(ThreadPoolExecutor.java:628)
at java.base/java.lang.Thread.run(Thread.java:834)
]]>
            </full-stacktrace>
          </exception> <!-- org.openqa.selenium.SessionNotCreatedException -->
          <reporter-output>
          </reporter-output>
        </test-method> <!-- feature -->
        <test-method is-config="true" signature="closeBrowser()[pri:0, instance:Runnerclasses.FloridaFields@732c2a62]" started-at="2024-05-31T14:52:51 IST" name="closeBrowser" finished-at="2024-05-31T14:52:51 IST" duration-ms="0" status="SKIP">
          <reporter-output>
          </reporter-output>
        </test-method> <!-- closeBrowser -->
        <test-method is-config="true" signature="tearDownClass()[pri:0, instance:Runnerclasses.FloridaFields@732c2a62]" started-at="2024-05-31T14:52:51 IST" name="tearDownClass" finished-at="2024-05-31T14:52:52 IST" duration-ms="842" status="PASS">
          <reporter-output>
          </reporter-output>
        </test-method> <!-- tearDownClass -->
      </class> <!-- Runnerclasses.FloridaFields -->
    </test> <!-- Run All Tests in Google Chrome -->
  </suite> <!-- Disney World Suite -->
</testng-results>
